<?xml version="1.0" encoding="UTF-8"?>
<!-- Generated by org.testng.reporters.JUnitXMLReporter -->
<testsuite ignored="0" hostname="TVDI-027" failures="0" tests="5" name="Default test" time="12.655" errors="0" timestamp="2023-05-22T21:56:48 IST">
  <testcase classname="org.git.GITHUB" name="getUser" time="7.749"/>
  <testcase classname="org.git.GITHUB" name="getRepo" time="0.924"/>
  <testcase classname="org.git.GITHUB" name="create" time="1.769"/>
  <testcase classname="org.git.GITHUB" name="update" time="0.736"/>
  <testcase classname="org.git.GITHUB" name="delete" time="0.628"/>
</testsuite> <!-- Default test -->
