<?xml version="1.0" encoding="UTF-8"?>
<testng-results ignored="0" total="5" passed="5" failed="0" skipped="0">
  <reporter-output>
  </reporter-output>
  <suite started-at="2023-05-22T21:56:36 IST" name="Default suite" finished-at="2023-05-22T21:56:48 IST" duration-ms="12655">
    <groups>
    </groups>
    <test started-at="2023-05-22T21:56:36 IST" name="Default test" finished-at="2023-05-22T21:56:48 IST" duration-ms="12655">
      <class name="org.git.GITHUB">
        <test-method is-config="true" signature="beforeMethod()[pri:0, instance:org.git.GITHUB@f5ac9e4]" started-at="2023-05-22T21:56:36 IST" name="beforeMethod" finished-at="2023-05-22T21:56:36 IST" duration-ms="727" status="PASS">
          <reporter-output>
          </reporter-output>
        </test-method> <!-- beforeMethod -->
        <test-method signature="getUser()[pri:0, instance:org.git.GITHUB@f5ac9e4]" started-at="2023-05-22T21:56:36 IST" name="getUser" finished-at="2023-05-22T21:56:44 IST" duration-ms="7749" status="PASS">
          <reporter-output>
          </reporter-output>
        </test-method> <!-- getUser -->
        <test-method is-config="true" signature="beforeMethod()[pri:0, instance:org.git.GITHUB@f5ac9e4]" started-at="2023-05-22T21:56:44 IST" name="beforeMethod" finished-at="2023-05-22T21:56:44 IST" duration-ms="1" status="PASS">
          <reporter-output>
          </reporter-output>
        </test-method> <!-- beforeMethod -->
        <test-method signature="getRepo()[pri:1, instance:org.git.GITHUB@f5ac9e4]" started-at="2023-05-22T21:56:44 IST" name="getRepo" finished-at="2023-05-22T21:56:45 IST" duration-ms="924" status="PASS">
          <reporter-output>
          </reporter-output>
        </test-method> <!-- getRepo -->
        <test-method is-config="true" signature="beforeMethod()[pri:0, instance:org.git.GITHUB@f5ac9e4]" started-at="2023-05-22T21:56:45 IST" name="beforeMethod" finished-at="2023-05-22T21:56:45 IST" duration-ms="2" status="PASS">
          <reporter-output>
          </reporter-output>
        </test-method> <!-- beforeMethod -->
        <test-method signature="create()[pri:2, instance:org.git.GITHUB@f5ac9e4]" started-at="2023-05-22T21:56:45 IST" name="create" finished-at="2023-05-22T21:56:47 IST" duration-ms="1769" status="PASS">
          <reporter-output>
          </reporter-output>
        </test-method> <!-- create -->
        <test-method is-config="true" signature="beforeMethod()[pri:0, instance:org.git.GITHUB@f5ac9e4]" started-at="2023-05-22T21:56:47 IST" name="beforeMethod" finished-at="2023-05-22T21:56:47 IST" duration-ms="1" status="PASS">
          <reporter-output>
          </reporter-output>
        </test-method> <!-- beforeMethod -->
        <test-method signature="update()[pri:3, instance:org.git.GITHUB@f5ac9e4]" started-at="2023-05-22T21:56:47 IST" name="update" finished-at="2023-05-22T21:56:48 IST" duration-ms="736" status="PASS">
          <reporter-output>
          </reporter-output>
        </test-method> <!-- update -->
        <test-method is-config="true" signature="beforeMethod()[pri:0, instance:org.git.GITHUB@f5ac9e4]" started-at="2023-05-22T21:56:48 IST" name="beforeMethod" finished-at="2023-05-22T21:56:48 IST" duration-ms="0" status="PASS">
          <reporter-output>
          </reporter-output>
        </test-method> <!-- beforeMethod -->
        <test-method signature="delete()[pri:4, instance:org.git.GITHUB@f5ac9e4]" started-at="2023-05-22T21:56:48 IST" name="delete" finished-at="2023-05-22T21:56:48 IST" duration-ms="628" status="PASS">
          <reporter-output>
          </reporter-output>
        </test-method> <!-- delete -->
      </class> <!-- org.git.GITHUB -->
    </test> <!-- Default test -->
  </suite> <!-- Default suite -->
</testng-results>
